#separator \x09
#set_separator	,
#empty_field	(empty)
#unset_field	-
#path	x509
#open	2022-12-22-10-11-41
#fields	ts	fingerprint	certificate.version	certificate.serial	certificate.subject	certificate.issuer	certificate.not_valid_before	certificate.not_valid_after	certificate.key_alg	certificate.sig_alg	certificate.key_type	certificate.key_length	certificate.exponent	certificate.curve	san.dns	san.uri	san.email	san.ip	basic_constraints.ca	basic_constraints.path_len	host_cert	client_cert
#types	time	string	count	string	string	string	time	time	string	string	string	count	string	string	vector[string]	vector[string]	vector[string]	vector[addr]	bool	count	bool	bool
1671684101.872691	7f7da404f43d4f9c946a7722e7534d6462d058683cfa2bc693192ab258a7e8df	3	33007004EDABAD86FCE71EFDA20000007004ED	CN=ecs.office.com,O=Microsoft Corporation,L=Redmond,ST=WA,C=US	CN=Microsoft Azure TLS Issuing CA 06,O=Microsoft Corporation,C=US	1670613788.000000	1701717788.000000	rsaEncryption	sha384WithRSAEncryption	rsa	2048	65537	-	*.ecs.office.com,ecs.office.com	-	-	-	F	-	T	F
1671684101.872691	48ff8b494668c752304b48bfe818758987def6582e5f09b921f4b60bb3d6a8dd	3	02E79171FB8021E93FE2D983834C50C0	CN=Microsoft Azure TLS Issuing CA 06,O=Microsoft Corporation,C=US	CN=DigiCert Global Root G2,OU=www.digicert.com,O=DigiCert Inc,C=US	1596006000.000000	1719512999.000000	rsaEncryption	sha384WithRSAEncryption	rsa	4096	65537	-	-	-	-	-	T	0	F	F
1671684112.433942	2bd862594b36512ed1a460201a1be10c56886bd3d5633b83125f349226c77138	3	0B5CEF5E9316218481072BD35FDF1DB0	CN=*.lenovomm.com,O=Lenovo (Beijing) Limited,ST=Beijing,C=CN	CN=Secure Site CA G2,OU=www.digicert.com,O=DigiCert Inc,C=US	1649183400.000000	1683138599.000000	rsaEncryption	sha256WithRSAEncryption	rsa	2048	65537	-	*.lenovomm.com,lenovomm.com	-	-	-	F	-	T	F
1671684112.433942	f614ae2b101484f15f66f4dda56ee6eb422728f179d94399ede19ac1d85a8bd3	3	087E18FB8FAA927EE8760A0D8982F512	CN=Secure Site CA G2,OU=www.digicert.com,O=DigiCert Inc,C=US	CN=DigiCert Global Root CA,OU=www.digicert.com,O=DigiCert Inc,C=US	1561013495.000000	1876632695.000000	rsaEncryption	sha256WithRSAEncryption	rsa	2048	65537	-	-	-	-	-	T	-	F	F
1671684165.425908	7392d4d2dd029017d899359a4a1ad021cad2e656da43da7fecf3a4e96781fa5b	3	330062511D9FBBADEE6195C59C00000062511D	CN=*.wns.windows.com,O=Microsoft Corporation,L=Redmond,ST=WA,C=US	CN=Microsoft Azure TLS Issuing CA 05,O=Microsoft Corporation,C=US	1666267840.000000	1681819840.000000	rsaEncryption	sha384WithRSAEncryption	rsa	2048	65537	-	*.wns.windows.com	-	-	-	F	-	T	F
1671684165.425908	d6831ba43607f5ac19778d627531562af55145f191cab5efafa0e0005442b302	3	0D7BEDE97D8209967A52631B8BDD18BD	CN=Microsoft Azure TLS Issuing CA 05,O=Microsoft Corporation,C=US	CN=DigiCert Global Root G2,OU=www.digicert.com,O=DigiCert Inc,C=US	1596006000.000000	1719512999.000000	rsaEncryption	sha384WithRSAEncryption	rsa	4096	65537	-	-	-	-	-	T	0	F	F
1671684165.865405	b74425ed56c0e1908c079d13c33e6d525eb2b3a3da3ad284fe95b7147e97a2a9	3	D56FF18D5A93F56C0DF6D57E89FEBB59	CN=sadownload.mcafee.com,O=McAfee\\, Inc.,ST=California,C=US	CN=McAfee OV SSL CA 2,O=McAfee\\, Inc.,L=Santa Clara,ST=CA,C=US	1668969000.000000	1700591399.000000	rsaEncryption	sha256WithRSAEncryption	rsa	2048	65537	-	sadownload.mcafee.com	-	-	-	F	-	T	F
1671684165.865405	d95123195fa02c1cc40573336e64c8dfa210b1773e3c6110b6eb26e5437e23a5	3	AEFFC259C50DC16A55C5BCFECD8A1F66	CN=McAfee OV SSL CA 2,O=McAfee\\, Inc.,L=Santa Clara,ST=CA,C=US	CN=USERTrust RSA Certification Authority,O=The USERTRUST Network,L=Jersey City,ST=New Jersey,C=US	1414348200.000000	1729967399.000000	rsaEncryption	sha384WithRSAEncryption	rsa	2048	65537	-	-	-	-	-	T	0	F	F
1671684165.865405	e793c9b02fd8aa13e21c31228accb08119643b749c898964b1746d46c3d4cbd2	3	01FD6D30FCA3CA51A81BBC640E35032D	CN=USERTrust RSA Certification Authority,O=The USERTRUST Network,L=Jersey City,ST=New Jersey,C=US	CN=USERTrust RSA Certification Authority,O=The USERTRUST Network,L=Jersey City,ST=New Jersey,C=US	1264962600.000000	2147452199.000000	rsaEncryption	sha384WithRSAEncryption	rsa	4096	65537	-	-	-	-	-	T	-	F	F
1671684166.413367	f8321c8cf5067790b114bf3fa8f1415de595fd2f73bc3443c78af01d3af8b40c	1	F188307674532493	CN=AnyNet Relay,O=philandro Software GmbH,C=DE	C=DE,O=philandro Software GmbH,CN=AnyNet Root CA	1542487463.000000	1857847463.000000	id-ecPublicKey	sha256WithRSAEncryption	ecdsa	256	-	prime256v1	-	-	-	-	-	-	T	F
1671684166.413367	38791f93ce95ab60f05a6b46c377ca85b2eb8f8ec7be0f7190223b435040c6eb	3	87FB0D0CB7B18BE8	C=DE,O=philandro Software GmbH,CN=AnyNet Root CA	C=DE,O=philandro Software GmbH,CN=AnyNet Root CA	1397164075.000000	1712524075.000000	rsaEncryption	sha1WithRSAEncryption	rsa	4096	65537	-	-	-	-	-	T	-	F	F
1671684166.430024	cb40f5ff90123b7dc854f9f4dca5d1b6089830861e5230a29f85bf36b10bc40e	1	01	CN=AnyDesk Client	CN=AnyDesk Client	1648983343.000000	3.225783343e+09	rsaEncryption	sha256WithRSAEncryption	rsa	2048	65537	-	-	-	-	-	-	-	T	T
1671684170.936370	b83afafe630864b5db84aadc72218a50704a9126559dd5a3a17cd40df810b1c6	3	4C6EAE98FBCE7F8E9559FD2CDF150BAA	CN=download.mcafee.com,OU=Consumer,O=McAfee\\, Inc.,ST=California,C=US	CN=McAfee OV SSL CA 2,O=McAfee\\, Inc.,L=Santa Clara,ST=CA,C=US	1652121000.000000	1683743399.000000	rsaEncryption	sha256WithRSAEncryption	rsa	2048	65537	-	download.mcafee.com,s-download.mcafee.com	-	-	-	F	-	T	F
1671684213.168343	be34771fd56a3295ea02738a1956d8149230caefb0df5d118bf6cfe88065c416	3	330079CC8C4B135C2748CB66FF00000079CC8C	CN=*.events.data.microsoft.com,O=Microsoft Corporation,L=Redmond,ST=WA,C=US	CN=Microsoft Azure TLS Issuing CA 01,O=Microsoft Corporation,C=US	1670430668.000000	1701534668.000000	rsaEncryption	sha384WithRSAEncryption	rsa	2048	65537	-	*.events.data.microsoft.com,events.data.microsoft.com,*.pipe.aria.microsoft.com,pipe.skype.com,*.pipe.skype.com,*.mobile.events.data.microsoft.com,mobile.events.data.microsoft.com,*.events.data.msn.com,events.data.msn.com,*.events.data.msn.cn,events.data.msn.cn,oca.microsoft.com,watson.microsoft.com,*.vortex.data.microsoft.com,vortex.data.microsoft.com	-	-	-	F	-	T	F
1671684213.168343	24c7299864e0a2a6964f551c0e8df2461532fa8c48e4dbbb6080716691f190e5	3	0AAFA6C5CA63C45141EA3BE1F7C75317	CN=Microsoft Azure TLS Issuing CA 01,O=Microsoft Corporation,C=US	CN=DigiCert Global Root G2,OU=www.digicert.com,O=DigiCert Inc,C=US	1596006000.000000	1719512999.000000	rsaEncryption	sha384WithRSAEncryption	rsa	4096	65537	-	-	-	-	-	T	0	F	F
1671684217.980937	f324d35e848f3d516518a77c7ebfd9be149724fa87f3589dda1ff10861e62b41	3	07A5D1DD2E2E433678A9AC68E1E7A862	CN=go-updater.brave.com	CN=Amazon,OU=Server CA 1B,O=Amazon,C=US	1656786600.000000	1690914599.000000	rsaEncryption	sha256WithRSAEncryption	rsa	2048	65537	-	go-updater.brave.com	-	-	-	F	-	T	F
1671684217.980937	f55f9ffcb83c73453261601c7e044db15a0f034b93c05830f28635ef889cf670	3	067F94578587E8AC77DEB253325BBC998B560D	CN=Amazon,OU=Server CA 1B,O=Amazon,C=US	CN=Amazon Root CA 1,O=Amazon,C=US	1445452200.000000	1760812200.000000	rsaEncryption	sha256WithRSAEncryption	rsa	2048	65537	-	-	-	-	-	T	0	F	F
1671684217.980937	87dcd4dc74640a322cd205552506d1be64f12596258096544986b4850bc72706	3	067F944A2A27CDF3FAC2AE2B01F908EEB9C4C6	CN=Amazon Root CA 1,O=Amazon,C=US	CN=Starfield Services Root Certificate Authority - G2,O=Starfield Technologies\\, Inc.,L=Scottsdale,ST=Arizona,C=US	1432535400.000000	2145814200.000000	rsaEncryption	sha256WithRSAEncryption	rsa	2048	65537	-	-	-	-	-	T	-	F	F
1671684217.980937	28689b30e4c306aab53b027b29e36ad6dd1dcf4b953994482ca84bdc1ecac996	3	A70E4A4C3482B77F	CN=Starfield Services Root Certificate Authority - G2,O=Starfield Technologies\\, Inc.,L=Scottsdale,ST=Arizona,C=US	OU=Starfield Class 2 Certification Authority,O=Starfield Technologies\\, Inc.,C=US	1251829800.000000	2035109356.000000	rsaEncryption	sha256WithRSAEncryption	rsa	2048	65537	-	-	-	-	-	T	-	F	F
1671684243.409872	fb205d7de0c96cae6ef242018b05816148d09e0ba26a444d01e2f25d1c2d2a6c	3	031A7BA6F80FA137B441B44787A40F41	CN=*.lenovo.com,O=Lenovo Technology Sdn. Bhd.,L=Petaling Jaya,ST=Selangor,C=MY	CN=DigiCert TLS Hybrid ECC SHA384 2020 CA1,O=DigiCert Inc,C=US	1651689000.000000	1683484199.000000	id-ecPublicKey	ecdsa-with-SHA384	ecdsa	256	-	prime256v1	*.lenovo.com,lenovo.com	-	-	-	F	-	T	F
1671684243.409872	f7a9a1b2fd964a3f2670bd668d561fb7c55d3aa9ab8391e7e169702db8a3dbcf	3	07F2F35C87A877AF7AEFE947993525BD	CN=DigiCert TLS Hybrid ECC SHA384 2020 CA1,O=DigiCert Inc,C=US	CN=DigiCert Global Root CA,OU=www.digicert.com,O=DigiCert Inc,C=US	1618338600.000000	1933871399.000000	id-ecPublicKey	sha384WithRSAEncryption	ecdsa	384	-	secp384r1	-	-	-	-	T	0	F	F
#close	2022-12-22-10-15-15
